{"E:\\reactjs\\newser.2\\src\\App.js": {"path":"E:\\reactjs\\newser.2\\src\\App.js","statementMap":{"0":{"start":{"line":10,"column":17},"end":{"line":10,"column":62}},"1":{"start":{"line":10,"column":34},"end":{"line":10,"column":61}},"2":{"start":{"line":11,"column":13},"end":{"line":11,"column":34}},"3":{"start":{"line":12,"column":22},"end":{"line":14,"column":1}},"4":{"start":{"line":16,"column":17},"end":{"line":20,"column":1}},"5":{"start":{"line":24,"column":4},"end":{"line":24,"column":12}},"6":{"start":{"line":25,"column":4},"end":{"line":27,"column":6}},"7":{"start":{"line":31,"column":4},"end":{"line":31,"column":40}},"8":{"start":{"line":35,"column":4},"end":{"line":44,"column":8}},"9":{"start":{"line":36,"column":6},"end":{"line":44,"column":8}},"10":{"start":{"line":45,"column":4},"end":{"line":95,"column":6}}},"fnMap":{"0":{"name":"(anonymous_0)","decl":{"start":{"line":10,"column":28},"end":{"line":10,"column":29}},"loc":{"start":{"line":10,"column":34},"end":{"line":10,"column":61}},"line":10},"1":{"name":"(anonymous_1)","decl":{"start":{"line":23,"column":2},"end":{"line":23,"column":3}},"loc":{"start":{"line":23,"column":16},"end":{"line":28,"column":3}},"line":23},"2":{"name":"(anonymous_2)","decl":{"start":{"line":30,"column":2},"end":{"line":30,"column":3}},"loc":{"start":{"line":30,"column":22},"end":{"line":32,"column":3}},"line":30},"3":{"name":"(anonymous_3)","decl":{"start":{"line":34,"column":2},"end":{"line":34,"column":3}},"loc":{"start":{"line":34,"column":11},"end":{"line":96,"column":3}},"line":34}},"branchMap":{"0":{"loc":{"start":{"line":35,"column":4},"end":{"line":44,"column":8}},"type":"if","locations":[{"start":{"line":35,"column":4},"end":{"line":44,"column":8}},{"start":{"line":35,"column":4},"end":{"line":44,"column":8}}],"line":35}},"s":{"0":1,"1":0,"2":1,"3":1,"4":1,"5":1,"6":1,"7":1,"8":2,"9":1,"10":1},"f":{"0":0,"1":1,"2":1,"3":2},"b":{"0":[1,1]},"_coverageSchema":"332fd63041d2c1bcb487cc26dd0d5f7d97098a6c","hash":"358ad20579c5c5a1cd48f8a66b4dca30e128ad55"}
,"E:\\reactjs\\newser.2\\src\\index.js": {"path":"E:\\reactjs\\newser.2\\src\\index.js","statementMap":{"0":{"start":{"line":1,"column":0},"end":{"line":null,"column":-1}},"1":{"start":{"line":2,"column":0},"end":{"line":null,"column":-1}},"2":{"start":{"line":3,"column":0},"end":{"line":null,"column":-1}},"3":{"start":{"line":4,"column":0},"end":{"line":null,"column":-1}},"4":{"start":{"line":5,"column":0},"end":{"line":null,"column":-1}},"5":{"start":{"line":13,"column":0},"end":{"line":null,"column":-1}}},"fnMap":{},"branchMap":{},"s":{"0":0,"1":0,"2":0,"3":0,"4":0,"5":0},"f":{},"b":{}}
,"E:\\reactjs\\newser.2\\src\\serviceWorker.js": {"path":"E:\\reactjs\\newser.2\\src\\serviceWorker.js","statementMap":{"0":{"start":{"line":13,"column":20},"end":{"line":13,"column":0}},"1":{"start":{"line":24,"column":2},"end":{"line":55,"column":3}},"2":{"start":{"line":26,"column":4},"end":{"line":null,"column":-1}},"3":{"start":{"line":27,"column":22},"end":{"line":27,"column":4}},"4":{"start":{"line":28,"column":4},"end":{"line":33,"column":5}},"5":{"start":{"line":32,"column":6},"end":{"line":null,"column":-1}},"6":{"start":{"line":35,"column":4},"end":{"line":null,"column":-1}},"7":{"start":{"line":36,"column":21},"end":{"line":36,"column":6}},"8":{"start":{"line":38,"column":6},"end":{"line":53,"column":7}},"9":{"start":{"line":40,"column":8},"end":{"line":38,"column":23}},"10":{"start":{"line":44,"column":8},"end":{"line":null,"column":-1}},"11":{"start":{"line":45,"column":10},"end":{"line":null,"column":-1}},"12":{"start":{"line":52,"column":8},"end":{"line":null,"column":-1}},"13":{"start":{"line":59,"column":2},"end":{"line":null,"column":-1}},"14":{"start":{"line":62,"column":6},"end":{"line":null,"column":-1}},"15":{"start":{"line":63,"column":33},"end":{"line":63,"column":8}},"16":{"start":{"line":64,"column":8},"end":{"line":66,"column":9}},"17":{"start":{"line":65,"column":10},"end":{"line":null,"column":-1}},"18":{"start":{"line":67,"column":8},"end":{"line":null,"column":-1}},"19":{"start":{"line":68,"column":10},"end":{"line":93,"column":11}},"20":{"start":{"line":69,"column":12},"end":{"line":92,"column":13}},"21":{"start":{"line":73,"column":14},"end":{"line":69,"column":52}},"22":{"start":{"line":79,"column":14},"end":{"line":81,"column":15}},"23":{"start":{"line":80,"column":16},"end":{"line":null,"column":-1}},"24":{"start":{"line":86,"column":14},"end":{"line":82,"column":19}},"25":{"start":{"line":89,"column":14},"end":{"line":91,"column":15}},"26":{"start":{"line":90,"column":16},"end":{"line":null,"column":-1}},"27":{"start":{"line":98,"column":6},"end":{"line":null,"column":-1}},"28":{"start":{"line":104,"column":2},"end":{"line":null,"column":-1}},"29":{"start":{"line":107,"column":26},"end":{"line":107,"column":6}},"30":{"start":{"line":108,"column":6},"end":{"line":121,"column":7}},"31":{"start":{"line":113,"column":8},"end":{"line":null,"column":-1}},"32":{"start":{"line":114,"column":10},"end":{"line":null,"column":-1}},"33":{"start":{"line":115,"column":12},"end":{"line":null,"column":-1}},"34":{"start":{"line":120,"column":8},"end":{"line":null,"column":-1}},"35":{"start":{"line":124,"column":6},"end":{"line":null,"column":-1}},"36":{"start":{"line":131,"column":2},"end":{"line":135,"column":3}},"37":{"start":{"line":132,"column":4},"end":{"line":null,"column":-1}},"38":{"start":{"line":133,"column":6},"end":{"line":null,"column":-1}}},"fnMap":{"0":{"name":"register","decl":{"start":{"line":23,"column":16},"end":{"line":23,"column":7}},"loc":{"start":{"line":23,"column":33},"end":{"line":56,"column":1}}},"1":{"name":"(anonymous_1)","decl":{"start":{"line":35,"column":36},"end":{"line":35,"column":41}},"loc":{"start":{"line":35,"column":42},"end":{"line":35,"column":4}}},"2":{"name":"(anonymous_2)","decl":{"start":{"line":44,"column":43},"end":{"line":44,"column":48}},"loc":{"start":{"line":44,"column":49},"end":{"line":44,"column":8}}},"3":{"name":"registerValidSW","decl":{"start":{"line":58,"column":9},"end":{"line":58,"column":0}},"loc":{"start":{"line":58,"column":40},"end":{"line":100,"column":1}}},"4":{"name":"(anonymous_4)","decl":{"start":{"line":61,"column":10},"end":{"line":61,"column":21}},"loc":{"start":{"line":61,"column":26},"end":{"line":59,"column":2}}},"5":{"name":"(anonymous_5)","decl":{"start":{"line":62,"column":35},"end":{"line":62,"column":40}},"loc":{"start":{"line":62,"column":41},"end":{"line":62,"column":6}}},"6":{"name":"(anonymous_6)","decl":{"start":{"line":67,"column":41},"end":{"line":67,"column":46}},"loc":{"start":{"line":67,"column":47},"end":{"line":67,"column":8}}},"7":{"name":"(anonymous_7)","decl":{"start":{"line":97,"column":11},"end":{"line":97,"column":15}},"loc":{"start":{"line":97,"column":20},"end":{"line":59,"column":2}}},"8":{"name":"checkValidServiceWorker","decl":{"start":{"line":102,"column":9},"end":{"line":102,"column":0}},"loc":{"start":{"line":102,"column":48},"end":{"line":128,"column":1}}},"9":{"name":"(anonymous_9)","decl":{"start":{"line":105,"column":10},"end":{"line":105,"column":17}},"loc":{"start":{"line":105,"column":22},"end":{"line":104,"column":2}}},"10":{"name":"(anonymous_10)","decl":{"start":{"line":113,"column":43},"end":{"line":113,"column":54}},"loc":{"start":{"line":113,"column":59},"end":{"line":113,"column":8}}},"11":{"name":"(anonymous_11)","decl":{"start":{"line":114,"column":41},"end":{"line":114,"column":46}},"loc":{"start":{"line":114,"column":47},"end":{"line":114,"column":10}}},"12":{"name":"(anonymous_12)","decl":{"start":{"line":123,"column":11},"end":{"line":123,"column":16}},"loc":{"start":{"line":123,"column":17},"end":{"line":104,"column":2}}},"13":{"name":"unregister","decl":{"start":{"line":130,"column":16},"end":{"line":130,"column":7}},"loc":{"start":{"line":130,"column":29},"end":{"line":136,"column":1}}},"14":{"name":"(anonymous_14)","decl":{"start":{"line":132,"column":39},"end":{"line":132,"column":50}},"loc":{"start":{"line":132,"column":55},"end":{"line":132,"column":4}}}},"branchMap":{"0":{"loc":{"start":{"line":14,"column":2},"end":{"line":14,"column":1}},"type":"binary-expr","locations":[{"start":{"line":14,"column":2},"end":{"line":14,"column":1}},{"start":{"line":16,"column":4},"end":{"line":14,"column":2}},{"start":{"line":18,"column":4},"end":{"line":13,"column":27}}]},"1":{"loc":{"start":{"line":24,"column":2},"end":{"line":55,"column":3}},"type":"if","locations":[{"start":{"line":24,"column":2},"end":{"line":55,"column":3}},{"start":{"line":24,"column":2},"end":{"line":55,"column":3}}]},"2":{"loc":{"start":{"line":24,"column":6},"end":{"line":24,"column":5}},"type":"binary-expr","locations":[{"start":{"line":24,"column":6},"end":{"line":24,"column":5}},{"start":{"line":24,"column":47},"end":{"line":24,"column":2}}]},"3":{"loc":{"start":{"line":28,"column":4},"end":{"line":33,"column":5}},"type":"if","locations":[{"start":{"line":28,"column":4},"end":{"line":33,"column":5}},{"start":{"line":28,"column":4},"end":{"line":33,"column":5}}]},"4":{"loc":{"start":{"line":38,"column":6},"end":{"line":53,"column":7}},"type":"if","locations":[{"start":{"line":38,"column":6},"end":{"line":53,"column":7}},{"start":{"line":38,"column":6},"end":{"line":53,"column":7}}]},"5":{"loc":{"start":{"line":64,"column":8},"end":{"line":66,"column":9}},"type":"if","locations":[{"start":{"line":64,"column":8},"end":{"line":66,"column":9}},{"start":{"line":64,"column":8},"end":{"line":66,"column":9}}]},"6":{"loc":{"start":{"line":68,"column":10},"end":{"line":93,"column":11}},"type":"if","locations":[{"start":{"line":68,"column":10},"end":{"line":93,"column":11}},{"start":{"line":68,"column":10},"end":{"line":93,"column":11}}]},"7":{"loc":{"start":{"line":69,"column":12},"end":{"line":92,"column":13}},"type":"if","locations":[{"start":{"line":69,"column":12},"end":{"line":92,"column":13}},{"start":{"line":69,"column":12},"end":{"line":92,"column":13}}]},"8":{"loc":{"start":{"line":79,"column":14},"end":{"line":81,"column":15}},"type":"if","locations":[{"start":{"line":79,"column":14},"end":{"line":81,"column":15}},{"start":{"line":79,"column":14},"end":{"line":81,"column":15}}]},"9":{"loc":{"start":{"line":79,"column":18},"end":{"line":79,"column":24}},"type":"binary-expr","locations":[{"start":{"line":79,"column":18},"end":{"line":79,"column":24}},{"start":{"line":79,"column":28},"end":{"line":79,"column":14}}]},"10":{"loc":{"start":{"line":89,"column":14},"end":{"line":91,"column":15}},"type":"if","locations":[{"start":{"line":89,"column":14},"end":{"line":91,"column":15}},{"start":{"line":89,"column":14},"end":{"line":91,"column":15}}]},"11":{"loc":{"start":{"line":89,"column":18},"end":{"line":89,"column":24}},"type":"binary-expr","locations":[{"start":{"line":89,"column":18},"end":{"line":89,"column":24}},{"start":{"line":89,"column":28},"end":{"line":89,"column":14}}]},"12":{"loc":{"start":{"line":108,"column":6},"end":{"line":121,"column":7}},"type":"if","locations":[{"start":{"line":108,"column":6},"end":{"line":121,"column":7}},{"start":{"line":108,"column":6},"end":{"line":121,"column":7}}]},"13":{"loc":{"start":{"line":109,"column":8},"end":{"line":109,"column":7}},"type":"binary-expr","locations":[{"start":{"line":109,"column":8},"end":{"line":109,"column":7}},{"start":{"line":110,"column":9},"end":{"line":110,"column":8}},{"start":{"line":110,"column":32},"end":{"line":108,"column":6}}]},"14":{"loc":{"start":{"line":131,"column":2},"end":{"line":135,"column":3}},"type":"if","locations":[{"start":{"line":131,"column":2},"end":{"line":135,"column":3}},{"start":{"line":131,"column":2},"end":{"line":135,"column":3}}]}},"s":{"0":0,"1":0,"2":0,"3":0,"4":0,"5":0,"6":0,"7":0,"8":0,"9":0,"10":0,"11":0,"12":0,"13":0,"14":0,"15":0,"16":0,"17":0,"18":0,"19":0,"20":0,"21":0,"22":0,"23":0,"24":0,"25":0,"26":0,"27":0,"28":0,"29":0,"30":0,"31":0,"32":0,"33":0,"34":0,"35":0,"36":0,"37":0,"38":0},"f":{"0":0,"1":0,"2":0,"3":0,"4":0,"5":0,"6":0,"7":0,"8":0,"9":0,"10":0,"11":0,"12":0,"13":0,"14":0},"b":{"0":[0,0,0],"1":[0,0],"2":[0,0],"3":[0,0],"4":[0,0],"5":[0,0],"6":[0,0],"7":[0,0],"8":[0,0],"9":[0,0],"10":[0,0],"11":[0,0],"12":[0,0],"13":[0,0,0],"14":[0,0]}}
,"E:\\reactjs\\newser.2\\src\\setupTests.js": {"path":"E:\\reactjs\\newser.2\\src\\setupTests.js","statementMap":{"0":{"start":{"line":4,"column":0},"end":{"line":4,"column":45}}},"fnMap":{},"branchMap":{},"s":{"0":6},"f":{},"b":{},"_coverageSchema":"332fd63041d2c1bcb487cc26dd0d5f7d97098a6c","hash":"9160f9c95480b9ef9ca1d9ca685bcf3b275f68ec"}
,"E:\\reactjs\\newser.2\\src\\Components\\Categories.js": {"path":"E:\\reactjs\\newser.2\\src\\Components\\Categories.js","statementMap":{"0":{"start":{"line":5,"column":17},"end":{"line":5,"column":36}},"1":{"start":{"line":9,"column":8},"end":{"line":9,"column":16}},"2":{"start":{"line":10,"column":8},"end":{"line":13,"column":10}},"3":{"start":{"line":17,"column":8},"end":{"line":17,"column":52}},"4":{"start":{"line":21,"column":8},"end":{"line":21,"column":27}},"5":{"start":{"line":22,"column":8},"end":{"line":22,"column":49}},"6":{"start":{"line":23,"column":8},"end":{"line":23,"column":28}},"7":{"start":{"line":28,"column":8},"end":{"line":51,"column":9}},"8":{"start":{"line":36,"column":36},"end":{"line":43,"column":43}}},"fnMap":{"0":{"name":"(anonymous_0)","decl":{"start":{"line":8,"column":4},"end":{"line":8,"column":5}},"loc":{"start":{"line":8,"column":19},"end":{"line":14,"column":5}},"line":8},"1":{"name":"(anonymous_1)","decl":{"start":{"line":16,"column":4},"end":{"line":16,"column":5}},"loc":{"start":{"line":16,"column":23},"end":{"line":18,"column":5}},"line":16},"2":{"name":"(anonymous_2)","decl":{"start":{"line":20,"column":20},"end":{"line":20,"column":21}},"loc":{"start":{"line":20,"column":26},"end":{"line":24,"column":5}},"line":20},"3":{"name":"(anonymous_3)","decl":{"start":{"line":27,"column":4},"end":{"line":27,"column":5}},"loc":{"start":{"line":27,"column":13},"end":{"line":52,"column":5}},"line":27},"4":{"name":"(anonymous_4)","decl":{"start":{"line":35,"column":53},"end":{"line":35,"column":54}},"loc":{"start":{"line":36,"column":36},"end":{"line":43,"column":43}},"line":36}},"branchMap":{},"s":{"0":3,"1":2,"2":2,"3":2,"4":0,"5":0,"6":0,"7":4,"8":14},"f":{"0":2,"1":2,"2":0,"3":4,"4":14},"b":{},"_coverageSchema":"332fd63041d2c1bcb487cc26dd0d5f7d97098a6c","hash":"4c1af491f5620fb68d00e37d8826e1ce1949f4ba"}
,"E:\\reactjs\\newser.2\\src\\Components\\Headlines.js": {"path":"E:\\reactjs\\newser.2\\src\\Components\\Headlines.js","statementMap":{"0":{"start":{"line":7,"column":17},"end":{"line":11,"column":1}},"1":{"start":{"line":15,"column":4},"end":{"line":15,"column":12}},"2":{"start":{"line":16,"column":4},"end":{"line":18,"column":6}},"3":{"start":{"line":22,"column":4},"end":{"line":25,"column":7}},"4":{"start":{"line":23,"column":6},"end":{"line":23,"column":59}},"5":{"start":{"line":24,"column":6},"end":{"line":24,"column":80}},"6":{"start":{"line":29,"column":26},"end":{"line":29,"column":59}},"7":{"start":{"line":30,"column":4},"end":{"line":34,"column":5}},"8":{"start":{"line":31,"column":6},"end":{"line":31,"column":64}},"9":{"start":{"line":33,"column":6},"end":{"line":33,"column":28}},"10":{"start":{"line":38,"column":20},"end":{"line":38,"column":40}},"11":{"start":{"line":40,"column":4},"end":{"line":49,"column":8}},"12":{"start":{"line":41,"column":6},"end":{"line":49,"column":8}},"13":{"start":{"line":50,"column":4},"end":{"line":50,"column":68}},"14":{"start":{"line":50,"column":32},"end":{"line":50,"column":68}},"15":{"start":{"line":52,"column":4},"end":{"line":68,"column":6}},"16":{"start":{"line":55,"column":10},"end":{"line":65,"column":16}}},"fnMap":{"0":{"name":"(anonymous_0)","decl":{"start":{"line":14,"column":2},"end":{"line":14,"column":3}},"loc":{"start":{"line":14,"column":16},"end":{"line":19,"column":3}},"line":14},"1":{"name":"(anonymous_1)","decl":{"start":{"line":21,"column":2},"end":{"line":21,"column":3}},"loc":{"start":{"line":21,"column":19},"end":{"line":26,"column":3}},"line":21},"2":{"name":"(anonymous_2)","decl":{"start":{"line":22,"column":54},"end":{"line":22,"column":55}},"loc":{"start":{"line":22,"column":66},"end":{"line":25,"column":5}},"line":22},"3":{"name":"(anonymous_3)","decl":{"start":{"line":28,"column":2},"end":{"line":28,"column":3}},"loc":{"start":{"line":28,"column":22},"end":{"line":35,"column":3}},"line":28},"4":{"name":"(anonymous_4)","decl":{"start":{"line":37,"column":2},"end":{"line":37,"column":3}},"loc":{"start":{"line":37,"column":11},"end":{"line":69,"column":3}},"line":37},"5":{"name":"(anonymous_5)","decl":{"start":{"line":54,"column":23},"end":{"line":54,"column":24}},"loc":{"start":{"line":55,"column":10},"end":{"line":65,"column":16}},"line":55}},"branchMap":{"0":{"loc":{"start":{"line":30,"column":4},"end":{"line":34,"column":5}},"type":"if","locations":[{"start":{"line":30,"column":4},"end":{"line":34,"column":5}},{"start":{"line":30,"column":4},"end":{"line":34,"column":5}}],"line":30},"1":{"loc":{"start":{"line":40,"column":4},"end":{"line":49,"column":8}},"type":"if","locations":[{"start":{"line":40,"column":4},"end":{"line":49,"column":8}},{"start":{"line":40,"column":4},"end":{"line":49,"column":8}}],"line":40},"2":{"loc":{"start":{"line":50,"column":4},"end":{"line":50,"column":68}},"type":"if","locations":[{"start":{"line":50,"column":4},"end":{"line":50,"column":68}},{"start":{"line":50,"column":4},"end":{"line":50,"column":68}}],"line":50}},"s":{"0":2,"1":1,"2":1,"3":1,"4":0,"5":0,"6":1,"7":1,"8":0,"9":1,"10":1,"11":1,"12":1,"13":0,"14":0,"15":0,"16":0},"f":{"0":1,"1":1,"2":0,"3":1,"4":1,"5":0},"b":{"0":[0,1],"1":[1,0],"2":[0,0]},"_coverageSchema":"332fd63041d2c1bcb487cc26dd0d5f7d97098a6c","hash":"181a12e2f8102cd92fd49f3829eb259a5e0d4ca7"}
,"E:\\reactjs\\newser.2\\src\\Components\\Home.js": {"path":"E:\\reactjs\\newser.2\\src\\Components\\Home.js","statementMap":{"0":{"start":{"line":6,"column":22},"end":{"line":6,"column":61}},"1":{"start":{"line":6,"column":39},"end":{"line":6,"column":60}},"2":{"start":{"line":7,"column":17},"end":{"line":11,"column":1}},"3":{"start":{"line":15,"column":4},"end":{"line":15,"column":17}},"4":{"start":{"line":16,"column":4},"end":{"line":18,"column":5}},"5":{"start":{"line":21,"column":4},"end":{"line":34,"column":6}}},"fnMap":{"0":{"name":"(anonymous_0)","decl":{"start":{"line":6,"column":33},"end":{"line":6,"column":34}},"loc":{"start":{"line":6,"column":39},"end":{"line":6,"column":60}},"line":6},"1":{"name":"(anonymous_1)","decl":{"start":{"line":14,"column":2},"end":{"line":14,"column":3}},"loc":{"start":{"line":14,"column":21},"end":{"line":19,"column":3}},"line":14},"2":{"name":"(anonymous_2)","decl":{"start":{"line":20,"column":2},"end":{"line":20,"column":3}},"loc":{"start":{"line":20,"column":11},"end":{"line":35,"column":3}},"line":20}},"branchMap":{},"s":{"0":2,"1":1,"2":2,"3":2,"4":2,"5":2},"f":{"0":1,"1":2,"2":2},"b":{},"_coverageSchema":"332fd63041d2c1bcb487cc26dd0d5f7d97098a6c","hash":"c94a3a3048bc0a10051e9e9a99f082bed6e5cdb3"}
,"E:\\reactjs\\newser.2\\src\\Components\\News.js": {"path":"E:\\reactjs\\newser.2\\src\\Components\\News.js","statementMap":{"0":{"start":{"line":11,"column":27},"end":{"line":11,"column":51}},"1":{"start":{"line":13,"column":17},"end":{"line":13,"column":36}},"2":{"start":{"line":15,"column":22},"end":{"line":17,"column":1}},"3":{"start":{"line":21,"column":4},"end":{"line":21,"column":12}},"4":{"start":{"line":22,"column":4},"end":{"line":26,"column":6}},"5":{"start":{"line":30,"column":4},"end":{"line":30,"column":27}},"6":{"start":{"line":34,"column":19},"end":{"line":34,"column":41}},"7":{"start":{"line":35,"column":4},"end":{"line":44,"column":7}},"8":{"start":{"line":36,"column":6},"end":{"line":39,"column":9}},"9":{"start":{"line":40,"column":6},"end":{"line":43,"column":8}},"10":{"start":{"line":48,"column":21},"end":{"line":48,"column":44}},"11":{"start":{"line":49,"column":4},"end":{"line":57,"column":7}},"12":{"start":{"line":50,"column":23},"end":{"line":50,"column":63}},"13":{"start":{"line":51,"column":6},"end":{"line":56,"column":7}},"14":{"start":{"line":52,"column":23},"end":{"line":52,"column":45}},"15":{"start":{"line":53,"column":8},"end":{"line":53,"column":64}},"16":{"start":{"line":55,"column":8},"end":{"line":55,"column":42}},"17":{"start":{"line":61,"column":20},"end":{"line":61,"column":34}},"18":{"start":{"line":62,"column":24},"end":{"line":62,"column":39}},"19":{"start":{"line":63,"column":4},"end":{"line":67,"column":5}},"20":{"start":{"line":64,"column":6},"end":{"line":66,"column":8}},"21":{"start":{"line":65,"column":8},"end":{"line":65,"column":52}},"22":{"start":{"line":68,"column":4},"end":{"line":68,"column":49}},"23":{"start":{"line":72,"column":15},"end":{"line":72,"column":30}},"24":{"start":{"line":73,"column":21},"end":{"line":73,"column":42}},"25":{"start":{"line":74,"column":18},"end":{"line":76,"column":5}},"26":{"start":{"line":78,"column":4},"end":{"line":118,"column":6}},"27":{"start":{"line":101,"column":16},"end":{"line":103,"column":22}},"28":{"start":{"line":110,"column":14},"end":{"line":112,"column":20}}},"fnMap":{"0":{"name":"(anonymous_0)","decl":{"start":{"line":20,"column":2},"end":{"line":20,"column":3}},"loc":{"start":{"line":20,"column":16},"end":{"line":27,"column":3}},"line":20},"1":{"name":"(anonymous_1)","decl":{"start":{"line":29,"column":2},"end":{"line":29,"column":3}},"loc":{"start":{"line":29,"column":22},"end":{"line":31,"column":3}},"line":29},"2":{"name":"(anonymous_2)","decl":{"start":{"line":33,"column":2},"end":{"line":33,"column":3}},"loc":{"start":{"line":33,"column":35},"end":{"line":45,"column":3}},"line":33},"3":{"name":"(anonymous_3)","decl":{"start":{"line":35,"column":60},"end":{"line":35,"column":61}},"loc":{"start":{"line":35,"column":72},"end":{"line":44,"column":5}},"line":35},"4":{"name":"(anonymous_4)","decl":{"start":{"line":47,"column":2},"end":{"line":47,"column":3}},"loc":{"start":{"line":47,"column":22},"end":{"line":58,"column":3}},"line":47},"5":{"name":"(anonymous_5)","decl":{"start":{"line":49,"column":38},"end":{"line":49,"column":39}},"loc":{"start":{"line":49,"column":49},"end":{"line":57,"column":5}},"line":49},"6":{"name":"(anonymous_6)","decl":{"start":{"line":60,"column":19},"end":{"line":60,"column":20}},"loc":{"start":{"line":60,"column":24},"end":{"line":69,"column":3}},"line":60},"7":{"name":"(anonymous_7)","decl":{"start":{"line":64,"column":45},"end":{"line":64,"column":46}},"loc":{"start":{"line":65,"column":8},"end":{"line":65,"column":52}},"line":65},"8":{"name":"(anonymous_8)","decl":{"start":{"line":71,"column":2},"end":{"line":71,"column":3}},"loc":{"start":{"line":71,"column":11},"end":{"line":119,"column":3}},"line":71},"9":{"name":"(anonymous_9)","decl":{"start":{"line":100,"column":32},"end":{"line":100,"column":33}},"loc":{"start":{"line":101,"column":16},"end":{"line":103,"column":22}},"line":101},"10":{"name":"(anonymous_10)","decl":{"start":{"line":109,"column":27},"end":{"line":109,"column":28}},"loc":{"start":{"line":110,"column":14},"end":{"line":112,"column":20}},"line":110}},"branchMap":{"0":{"loc":{"start":{"line":51,"column":6},"end":{"line":56,"column":7}},"type":"if","locations":[{"start":{"line":51,"column":6},"end":{"line":56,"column":7}},{"start":{"line":51,"column":6},"end":{"line":56,"column":7}}],"line":51},"1":{"loc":{"start":{"line":63,"column":4},"end":{"line":67,"column":5}},"type":"if","locations":[{"start":{"line":63,"column":4},"end":{"line":67,"column":5}},{"start":{"line":63,"column":4},"end":{"line":67,"column":5}}],"line":63},"2":{"loc":{"start":{"line":98,"column":11},"end":{"line":114,"column":11}},"type":"cond-expr","locations":[{"start":{"line":99,"column":12},"end":{"line":105,"column":29}},{"start":{"line":106,"column":14},"end":{"line":114,"column":11}}],"line":98},"3":{"loc":{"start":{"line":106,"column":14},"end":{"line":114,"column":11}},"type":"cond-expr","locations":[{"start":{"line":107,"column":12},"end":{"line":107,"column":57}},{"start":{"line":109,"column":12},"end":{"line":113,"column":14}}],"line":106}},"s":{"0":1,"1":1,"2":1,"3":1,"4":1,"5":0,"6":0,"7":0,"8":0,"9":0,"10":0,"11":0,"12":0,"13":0,"14":0,"15":0,"16":0,"17":0,"18":0,"19":0,"20":0,"21":0,"22":0,"23":1,"24":1,"25":1,"26":1,"27":4,"28":0},"f":{"0":1,"1":0,"2":0,"3":0,"4":0,"5":0,"6":0,"7":0,"8":1,"9":4,"10":0},"b":{"0":[0,0],"1":[0,0],"2":[1,0],"3":[0,0]},"_coverageSchema":"332fd63041d2c1bcb487cc26dd0d5f7d97098a6c","hash":"a80eb252e338e8641ab867e86d087569d483858c"}
,"E:\\reactjs\\newser.2\\src\\Components\\NewsCard.js": {"path":"E:\\reactjs\\newser.2\\src\\Components\\NewsCard.js","statementMap":{"0":{"start":{"line":6,"column":23},"end":{"line":6,"column":65}},"1":{"start":{"line":7,"column":21},"end":{"line":12,"column":5}},"2":{"start":{"line":8,"column":6},"end":{"line":8,"column":64}},"3":{"start":{"line":9,"column":6},"end":{"line":11,"column":8}},"4":{"start":{"line":10,"column":8},"end":{"line":10,"column":42}},"5":{"start":{"line":13,"column":4},"end":{"line":15,"column":7}},"6":{"start":{"line":14,"column":6},"end":{"line":14,"column":22}},"7":{"start":{"line":19,"column":19},"end":{"line":19,"column":38}},"8":{"start":{"line":20,"column":20},"end":{"line":20,"column":62}},"9":{"start":{"line":21,"column":4},"end":{"line":23,"column":5}},"10":{"start":{"line":22,"column":6},"end":{"line":22,"column":31}},"11":{"start":{"line":25,"column":25},"end":{"line":25,"column":83}},"12":{"start":{"line":26,"column":21},"end":{"line":26,"column":69}},"13":{"start":{"line":27,"column":21},"end":{"line":27,"column":71}},"14":{"start":{"line":28,"column":19},"end":{"line":28,"column":71}},"15":{"start":{"line":29,"column":4},"end":{"line":65,"column":6}}},"fnMap":{"0":{"name":"(anonymous_0)","decl":{"start":{"line":5,"column":2},"end":{"line":5,"column":3}},"loc":{"start":{"line":5,"column":22},"end":{"line":16,"column":3}},"line":5},"1":{"name":"(anonymous_1)","decl":{"start":{"line":7,"column":21},"end":{"line":7,"column":22}},"loc":{"start":{"line":7,"column":37},"end":{"line":12,"column":5}},"line":7},"2":{"name":"(anonymous_2)","decl":{"start":{"line":9,"column":21},"end":{"line":9,"column":22}},"loc":{"start":{"line":9,"column":32},"end":{"line":11,"column":7}},"line":9},"3":{"name":"(anonymous_3)","decl":{"start":{"line":13,"column":25},"end":{"line":13,"column":26}},"loc":{"start":{"line":13,"column":39},"end":{"line":15,"column":5}},"line":13},"4":{"name":"(anonymous_4)","decl":{"start":{"line":18,"column":2},"end":{"line":18,"column":3}},"loc":{"start":{"line":18,"column":11},"end":{"line":66,"column":3}},"line":18}},"branchMap":{"0":{"loc":{"start":{"line":21,"column":4},"end":{"line":23,"column":5}},"type":"if","locations":[{"start":{"line":21,"column":4},"end":{"line":23,"column":5}},{"start":{"line":21,"column":4},"end":{"line":23,"column":5}}],"line":21},"1":{"loc":{"start":{"line":25,"column":25},"end":{"line":25,"column":83}},"type":"cond-expr","locations":[{"start":{"line":25,"column":59},"end":{"line":25,"column":78}},{"start":{"line":25,"column":81},"end":{"line":25,"column":83}}],"line":25},"2":{"loc":{"start":{"line":25,"column":25},"end":{"line":25,"column":56}},"type":"binary-expr","locations":[{"start":{"line":25,"column":25},"end":{"line":25,"column":33}},{"start":{"line":25,"column":37},"end":{"line":25,"column":56}}],"line":25},"3":{"loc":{"start":{"line":26,"column":21},"end":{"line":26,"column":69}},"type":"cond-expr","locations":[{"start":{"line":26,"column":50},"end":{"line":26,"column":64}},{"start":{"line":26,"column":67},"end":{"line":26,"column":69}}],"line":26},"4":{"loc":{"start":{"line":26,"column":21},"end":{"line":26,"column":47}},"type":"binary-expr","locations":[{"start":{"line":26,"column":21},"end":{"line":26,"column":29}},{"start":{"line":26,"column":33},"end":{"line":26,"column":47}}],"line":26},"5":{"loc":{"start":{"line":27,"column":21},"end":{"line":27,"column":71}},"type":"cond-expr","locations":[{"start":{"line":27,"column":51},"end":{"line":27,"column":66}},{"start":{"line":27,"column":69},"end":{"line":27,"column":71}}],"line":27},"6":{"loc":{"start":{"line":27,"column":21},"end":{"line":27,"column":48}},"type":"binary-expr","locations":[{"start":{"line":27,"column":21},"end":{"line":27,"column":29}},{"start":{"line":27,"column":33},"end":{"line":27,"column":48}}],"line":27},"7":{"loc":{"start":{"line":28,"column":19},"end":{"line":28,"column":71}},"type":"cond-expr","locations":[{"start":{"line":28,"column":50},"end":{"line":28,"column":66}},{"start":{"line":28,"column":69},"end":{"line":28,"column":71}}],"line":28},"8":{"loc":{"start":{"line":28,"column":19},"end":{"line":28,"column":47}},"type":"binary-expr","locations":[{"start":{"line":28,"column":19},"end":{"line":28,"column":27}},{"start":{"line":28,"column":31},"end":{"line":28,"column":47}}],"line":28},"9":{"loc":{"start":{"line":55,"column":13},"end":{"line":61,"column":13}},"type":"cond-expr","locations":[{"start":{"line":56,"column":14},"end":{"line":58,"column":21}},{"start":{"line":60,"column":14},"end":{"line":60,"column":16}}],"line":55},"10":{"loc":{"start":{"line":55,"column":13},"end":{"line":55,"column":45}},"type":"binary-expr","locations":[{"start":{"line":55,"column":13},"end":{"line":55,"column":21}},{"start":{"line":55,"column":25},"end":{"line":55,"column":45}}],"line":55}},"s":{"0":1,"1":1,"2":0,"3":0,"4":0,"5":1,"6":0,"7":1,"8":1,"9":1,"10":1,"11":1,"12":1,"13":1,"14":1,"15":1},"f":{"0":1,"1":0,"2":0,"3":0,"4":1},"b":{"0":[1,0],"1":[0,1],"2":[1,0],"3":[0,1],"4":[1,0],"5":[0,1],"6":[1,0],"7":[0,1],"8":[1,0],"9":[0,1],"10":[1,0]},"_coverageSchema":"332fd63041d2c1bcb487cc26dd0d5f7d97098a6c","hash":"e76e18c59e5be458042df2c2337939a0dd559835"}
,"E:\\reactjs\\newser.2\\src\\Ui\\SearchBox.js": {"path":"E:\\reactjs\\newser.2\\src\\Ui\\SearchBox.js","statementMap":{"0":{"start":{"line":5,"column":18},"end":{"line":43,"column":1}},"1":{"start":{"line":6,"column":23},"end":{"line":27,"column":5}},"2":{"start":{"line":29,"column":20},"end":{"line":29,"column":64}},"3":{"start":{"line":30,"column":4},"end":{"line":30,"column":88}},"4":{"start":{"line":32,"column":21},"end":{"line":32,"column":115}},"5":{"start":{"line":33,"column":4},"end":{"line":33,"column":48}},"6":{"start":{"line":35,"column":4},"end":{"line":42,"column":6}},"7":{"start":{"line":37,"column":96},"end":{"line":37,"column":105}},"8":{"start":{"line":40,"column":70},"end":{"line":40,"column":87}}},"fnMap":{"0":{"name":"(anonymous_0)","decl":{"start":{"line":5,"column":18},"end":{"line":5,"column":19}},"loc":{"start":{"line":5,"column":75},"end":{"line":43,"column":1}},"line":5},"1":{"name":"(anonymous_1)","decl":{"start":{"line":37,"column":90},"end":{"line":37,"column":91}},"loc":{"start":{"line":37,"column":96},"end":{"line":37,"column":105}},"line":37},"2":{"name":"(anonymous_2)","decl":{"start":{"line":40,"column":65},"end":{"line":40,"column":66}},"loc":{"start":{"line":40,"column":70},"end":{"line":40,"column":87}},"line":40}},"branchMap":{"0":{"loc":{"start":{"line":29,"column":20},"end":{"line":29,"column":64}},"type":"cond-expr","locations":[{"start":{"line":29,"column":29},"end":{"line":29,"column":44}},{"start":{"line":29,"column":47},"end":{"line":29,"column":64}}],"line":29},"1":{"loc":{"start":{"line":30,"column":41},"end":{"line":30,"column":86}},"type":"cond-expr","locations":[{"start":{"line":30,"column":60},"end":{"line":30,"column":81}},{"start":{"line":30,"column":84},"end":{"line":30,"column":86}}],"line":30},"2":{"loc":{"start":{"line":32,"column":68},"end":{"line":32,"column":114}},"type":"cond-expr","locations":[{"start":{"line":32,"column":87},"end":{"line":32,"column":109}},{"start":{"line":32,"column":112},"end":{"line":32,"column":114}}],"line":32}},"s":{"0":1,"1":0,"2":0,"3":0,"4":0,"5":0,"6":0,"7":0,"8":0},"f":{"0":0,"1":0,"2":0},"b":{"0":[0,0],"1":[0,0],"2":[0,0]},"_coverageSchema":"332fd63041d2c1bcb487cc26dd0d5f7d97098a6c","hash":"1ee80fba90944e455ea30ee4054e0c1aead5aa00"}
,"E:\\reactjs\\newser.2\\src\\Ui\\expanding-animation.js": {"path":"E:\\reactjs\\newser.2\\src\\Ui\\expanding-animation.js","statementMap":{"0":{"start":{"line":2,"column":23},"end":{"line":4,"column":1}},"1":{"start":{"line":6,"column":22},"end":{"line":28,"column":1}},"2":{"start":{"line":7,"column":4},"end":{"line":27,"column":5}},"3":{"start":{"line":9,"column":12},"end":{"line":9,"column":25}},"4":{"start":{"line":10,"column":12},"end":{"line":10,"column":41}},"5":{"start":{"line":14,"column":12},"end":{"line":14,"column":56}},"6":{"start":{"line":18,"column":12},"end":{"line":25,"column":14}}},"fnMap":{"0":{"name":"(anonymous_0)","decl":{"start":{"line":6,"column":22},"end":{"line":6,"column":23}},"loc":{"start":{"line":6,"column":34},"end":{"line":28,"column":1}},"line":6},"1":{"name":"(anonymous_1)","decl":{"start":{"line":8,"column":8},"end":{"line":8,"column":9}},"loc":{"start":{"line":8,"column":27},"end":{"line":11,"column":9}},"line":8},"2":{"name":"(anonymous_2)","decl":{"start":{"line":13,"column":18},"end":{"line":13,"column":19}},"loc":{"start":{"line":13,"column":24},"end":{"line":15,"column":9}},"line":13},"3":{"name":"(anonymous_3)","decl":{"start":{"line":17,"column":8},"end":{"line":17,"column":9}},"loc":{"start":{"line":17,"column":17},"end":{"line":26,"column":9}},"line":17}},"branchMap":{},"s":{"0":1,"1":1,"2":1,"3":0,"4":0,"5":0,"6":0},"f":{"0":1,"1":0,"2":0,"3":0},"b":{},"_coverageSchema":"332fd63041d2c1bcb487cc26dd0d5f7d97098a6c","hash":"de03a64a0a21d97ca0737a7483720bccb4350f87"}
,"E:\\reactjs\\newser.2\\src\\extra\\ApiHelper.js": {"path":"E:\\reactjs\\newser.2\\src\\extra\\ApiHelper.js","statementMap":{"0":{"start":{"line":5,"column":18},"end":{"line":25,"column":1}},"1":{"start":{"line":7,"column":30},"end":{"line":7,"column":75}},"2":{"start":{"line":8,"column":27},"end":{"line":8,"column":61}},"3":{"start":{"line":9,"column":8},"end":{"line":22,"column":11}},"4":{"start":{"line":16,"column":12},"end":{"line":18,"column":13}},"5":{"start":{"line":17,"column":16},"end":{"line":17,"column":35}},"6":{"start":{"line":21,"column":12},"end":{"line":21,"column":49}}},"fnMap":{"0":{"name":"(anonymous_0)","decl":{"start":{"line":6,"column":16},"end":{"line":6,"column":17}},"loc":{"start":{"line":6,"column":50},"end":{"line":24,"column":5}},"line":6},"1":{"name":"(anonymous_1)","decl":{"start":{"line":15,"column":15},"end":{"line":15,"column":16}},"loc":{"start":{"line":15,"column":29},"end":{"line":19,"column":9}},"line":15},"2":{"name":"(anonymous_2)","decl":{"start":{"line":20,"column":15},"end":{"line":20,"column":16}},"loc":{"start":{"line":20,"column":24},"end":{"line":22,"column":9}},"line":20}},"branchMap":{"0":{"loc":{"start":{"line":16,"column":12},"end":{"line":18,"column":13}},"type":"if","locations":[{"start":{"line":16,"column":12},"end":{"line":18,"column":13}},{"start":{"line":16,"column":12},"end":{"line":18,"column":13}}],"line":16}},"s":{"0":3,"1":1,"2":1,"3":1,"4":0,"5":0,"6":0},"f":{"0":1,"1":0,"2":0},"b":{"0":[0,0]},"_coverageSchema":"332fd63041d2c1bcb487cc26dd0d5f7d97098a6c","hash":"d2d503d7dcca03e1dffeb80fcb6b8350c7793d13"}
,"E:\\reactjs\\newser.2\\src\\extra\\config.js": {"path":"E:\\reactjs\\newser.2\\src\\extra\\config.js","statementMap":{"0":{"start":{"line":1,"column":0},"end":{"line":10,"column":2}}},"fnMap":{},"branchMap":{},"s":{"0":6},"f":{},"b":{},"_coverageSchema":"332fd63041d2c1bcb487cc26dd0d5f7d97098a6c","hash":"e9ba638f151e16939b33e6181f5e542529fdc136"}
,"E:\\reactjs\\newser.2\\src\\extra\\custom.js": {"path":"E:\\reactjs\\newser.2\\src\\extra\\custom.js","statementMap":{"0":{"start":{"line":5,"column":20},"end":{"line":5,"column":43}},"1":{"start":{"line":7,"column":16},"end":{"line":111,"column":1}},"2":{"start":{"line":9,"column":4},"end":{"line":14,"column":6}},"3":{"start":{"line":17,"column":19},"end":{"line":17,"column":38}},"4":{"start":{"line":18,"column":18},"end":{"line":18,"column":41}},"5":{"start":{"line":19,"column":16},"end":{"line":19,"column":37}},"6":{"start":{"line":20,"column":4},"end":{"line":26,"column":7}},"7":{"start":{"line":25,"column":6},"end":{"line":25,"column":40}},"8":{"start":{"line":27,"column":4},"end":{"line":32,"column":5}},"9":{"start":{"line":28,"column":20},"end":{"line":28,"column":48}},"10":{"start":{"line":29,"column":6},"end":{"line":31,"column":7}},"11":{"start":{"line":30,"column":8},"end":{"line":30,"column":44}},"12":{"start":{"line":33,"column":4},"end":{"line":35,"column":5}},"13":{"start":{"line":34,"column":6},"end":{"line":34,"column":22}},"14":{"start":{"line":36,"column":4},"end":{"line":36,"column":32}},"15":{"start":{"line":39,"column":4},"end":{"line":39,"column":37}},"16":{"start":{"line":42,"column":4},"end":{"line":42,"column":45}},"17":{"start":{"line":45,"column":4},"end":{"line":45,"column":43}},"18":{"start":{"line":48,"column":4},"end":{"line":48,"column":42}},"19":{"start":{"line":51,"column":4},"end":{"line":51,"column":42}},"20":{"start":{"line":55,"column":4},"end":{"line":57,"column":5}},"21":{"start":{"line":56,"column":6},"end":{"line":56,"column":13}},"22":{"start":{"line":58,"column":4},"end":{"line":62,"column":5}},"23":{"start":{"line":59,"column":6},"end":{"line":59,"column":32}},"24":{"start":{"line":61,"column":6},"end":{"line":61,"column":35}},"25":{"start":{"line":65,"column":17},"end":{"line":65,"column":20}},"26":{"start":{"line":66,"column":4},"end":{"line":68,"column":5}},"27":{"start":{"line":67,"column":6},"end":{"line":67,"column":31}},"28":{"start":{"line":69,"column":4},"end":{"line":69,"column":18}},"29":{"start":{"line":72,"column":4},"end":{"line":72,"column":60}},"30":{"start":{"line":73,"column":4},"end":{"line":73,"column":43}},"31":{"start":{"line":76,"column":4},"end":{"line":76,"column":17}},"32":{"start":{"line":77,"column":4},"end":{"line":77,"column":34}},"33":{"start":{"line":78,"column":17},"end":{"line":86,"column":6}},"34":{"start":{"line":79,"column":6},"end":{"line":85,"column":8}},"35":{"start":{"line":87,"column":4},"end":{"line":87,"column":18}},"36":{"start":{"line":90,"column":2},"end":{"line":90,"column":47}},"37":{"start":{"line":93,"column":4},"end":{"line":93,"column":52}},"38":{"start":{"line":96,"column":4},"end":{"line":96,"column":58}},"39":{"start":{"line":99,"column":4},"end":{"line":99,"column":52}},"40":{"start":{"line":102,"column":4},"end":{"line":102,"column":50}},"41":{"start":{"line":105,"column":4},"end":{"line":105,"column":122}},"42":{"start":{"line":108,"column":4},"end":{"line":108,"column":87}}},"fnMap":{"0":{"name":"(anonymous_0)","decl":{"start":{"line":8,"column":11},"end":{"line":8,"column":12}},"loc":{"start":{"line":8,"column":20},"end":{"line":15,"column":3}},"line":8},"1":{"name":"(anonymous_1)","decl":{"start":{"line":16,"column":10},"end":{"line":16,"column":11}},"loc":{"start":{"line":16,"column":23},"end":{"line":37,"column":3}},"line":16},"2":{"name":"(anonymous_2)","decl":{"start":{"line":20,"column":50},"end":{"line":20,"column":51}},"loc":{"start":{"line":24,"column":6},"end":{"line":26,"column":5}},"line":24},"3":{"name":"(anonymous_3)","decl":{"start":{"line":38,"column":11},"end":{"line":38,"column":12}},"loc":{"start":{"line":38,"column":29},"end":{"line":40,"column":3}},"line":38},"4":{"name":"(anonymous_4)","decl":{"start":{"line":41,"column":15},"end":{"line":41,"column":16}},"loc":{"start":{"line":41,"column":33},"end":{"line":43,"column":3}},"line":41},"5":{"name":"(anonymous_5)","decl":{"start":{"line":44,"column":13},"end":{"line":44,"column":14}},"loc":{"start":{"line":44,"column":31},"end":{"line":46,"column":3}},"line":44},"6":{"name":"(anonymous_6)","decl":{"start":{"line":47,"column":12},"end":{"line":47,"column":13}},"loc":{"start":{"line":47,"column":30},"end":{"line":49,"column":3}},"line":47},"7":{"name":"(anonymous_7)","decl":{"start":{"line":50,"column":12},"end":{"line":50,"column":13}},"loc":{"start":{"line":50,"column":30},"end":{"line":52,"column":3}},"line":50},"8":{"name":"(anonymous_8)","decl":{"start":{"line":54,"column":15},"end":{"line":54,"column":16}},"loc":{"start":{"line":54,"column":23},"end":{"line":63,"column":3}},"line":54},"9":{"name":"(anonymous_9)","decl":{"start":{"line":64,"column":21},"end":{"line":64,"column":22}},"loc":{"start":{"line":64,"column":28},"end":{"line":70,"column":3}},"line":64},"10":{"name":"(anonymous_10)","decl":{"start":{"line":71,"column":19},"end":{"line":71,"column":20}},"loc":{"start":{"line":71,"column":41},"end":{"line":74,"column":3}},"line":71},"11":{"name":"(anonymous_11)","decl":{"start":{"line":78,"column":37},"end":{"line":78,"column":38}},"loc":{"start":{"line":78,"column":52},"end":{"line":86,"column":5}},"line":78},"12":{"name":"(anonymous_12)","decl":{"start":{"line":89,"column":13},"end":{"line":89,"column":14}},"loc":{"start":{"line":89,"column":24},"end":{"line":91,"column":3}},"line":89},"13":{"name":"(anonymous_13)","decl":{"start":{"line":92,"column":16},"end":{"line":92,"column":17}},"loc":{"start":{"line":92,"column":27},"end":{"line":94,"column":3}},"line":92},"14":{"name":"(anonymous_14)","decl":{"start":{"line":95,"column":9},"end":{"line":95,"column":10}},"loc":{"start":{"line":95,"column":20},"end":{"line":97,"column":3}},"line":95},"15":{"name":"(anonymous_15)","decl":{"start":{"line":98,"column":11},"end":{"line":98,"column":12}},"loc":{"start":{"line":98,"column":22},"end":{"line":100,"column":3}},"line":98},"16":{"name":"(anonymous_16)","decl":{"start":{"line":101,"column":13},"end":{"line":101,"column":14}},"loc":{"start":{"line":101,"column":24},"end":{"line":103,"column":3}},"line":101},"17":{"name":"(anonymous_17)","decl":{"start":{"line":104,"column":12},"end":{"line":104,"column":13}},"loc":{"start":{"line":104,"column":23},"end":{"line":106,"column":3}},"line":104},"18":{"name":"(anonymous_18)","decl":{"start":{"line":107,"column":15},"end":{"line":107,"column":16}},"loc":{"start":{"line":107,"column":22},"end":{"line":109,"column":3}},"line":107}},"branchMap":{"0":{"loc":{"start":{"line":10,"column":6},"end":{"line":13,"column":62}},"type":"binary-expr","locations":[{"start":{"line":10,"column":6},"end":{"line":10,"column":25}},{"start":{"line":11,"column":6},"end":{"line":11,"column":20}},{"start":{"line":12,"column":7},"end":{"line":12,"column":32}},{"start":{"line":12,"column":36},"end":{"line":12,"column":67}},{"start":{"line":13,"column":7},"end":{"line":13,"column":32}},{"start":{"line":13,"column":36},"end":{"line":13,"column":61}}],"line":10},"1":{"loc":{"start":{"line":17,"column":19},"end":{"line":17,"column":38}},"type":"binary-expr","locations":[{"start":{"line":17,"column":19},"end":{"line":17,"column":32}},{"start":{"line":17,"column":36},"end":{"line":17,"column":38}}],"line":17},"2":{"loc":{"start":{"line":18,"column":18},"end":{"line":18,"column":41}},"type":"binary-expr","locations":[{"start":{"line":18,"column":18},"end":{"line":18,"column":35}},{"start":{"line":18,"column":39},"end":{"line":18,"column":41}}],"line":18},"3":{"loc":{"start":{"line":19,"column":16},"end":{"line":19,"column":37}},"type":"binary-expr","locations":[{"start":{"line":19,"column":16},"end":{"line":19,"column":31}},{"start":{"line":19,"column":35},"end":{"line":19,"column":37}}],"line":19},"4":{"loc":{"start":{"line":27,"column":4},"end":{"line":32,"column":5}},"type":"if","locations":[{"start":{"line":27,"column":4},"end":{"line":32,"column":5}},{"start":{"line":27,"column":4},"end":{"line":32,"column":5}}],"line":27},"5":{"loc":{"start":{"line":29,"column":6},"end":{"line":31,"column":7}},"type":"if","locations":[{"start":{"line":29,"column":6},"end":{"line":31,"column":7}},{"start":{"line":29,"column":6},"end":{"line":31,"column":7}}],"line":29},"6":{"loc":{"start":{"line":33,"column":4},"end":{"line":35,"column":5}},"type":"if","locations":[{"start":{"line":33,"column":4},"end":{"line":35,"column":5}},{"start":{"line":33,"column":4},"end":{"line":35,"column":5}}],"line":33},"7":{"loc":{"start":{"line":55,"column":4},"end":{"line":57,"column":5}},"type":"if","locations":[{"start":{"line":55,"column":4},"end":{"line":57,"column":5}},{"start":{"line":55,"column":4},"end":{"line":57,"column":5}}],"line":55},"8":{"loc":{"start":{"line":58,"column":4},"end":{"line":62,"column":5}},"type":"if","locations":[{"start":{"line":58,"column":4},"end":{"line":62,"column":5}},{"start":{"line":58,"column":4},"end":{"line":62,"column":5}}],"line":58},"9":{"loc":{"start":{"line":66,"column":4},"end":{"line":68,"column":5}},"type":"if","locations":[{"start":{"line":66,"column":4},"end":{"line":68,"column":5}},{"start":{"line":66,"column":4},"end":{"line":68,"column":5}}],"line":66},"10":{"loc":{"start":{"line":72,"column":17},"end":{"line":72,"column":59}},"type":"binary-expr","locations":[{"start":{"line":72,"column":17},"end":{"line":72,"column":27}},{"start":{"line":72,"column":31},"end":{"line":72,"column":59}}],"line":72},"11":{"loc":{"start":{"line":105,"column":26},"end":{"line":105,"column":119}},"type":"binary-expr","locations":[{"start":{"line":105,"column":26},"end":{"line":105,"column":42}},{"start":{"line":105,"column":46},"end":{"line":105,"column":65}},{"start":{"line":105,"column":69},"end":{"line":105,"column":81}},{"start":{"line":105,"column":85},"end":{"line":105,"column":99}},{"start":{"line":105,"column":103},"end":{"line":105,"column":119}}],"line":105}},"s":{"0":4,"1":4,"2":0,"3":1,"4":1,"5":1,"6":1,"7":0,"8":1,"9":1,"10":1,"11":1,"12":1,"13":1,"14":0,"15":0,"16":0,"17":0,"18":0,"19":0,"20":0,"21":0,"22":0,"23":0,"24":0,"25":0,"26":0,"27":0,"28":0,"29":0,"30":0,"31":0,"32":0,"33":0,"34":0,"35":0,"36":0,"37":0,"38":0,"39":0,"40":0,"41":0,"42":0},"f":{"0":0,"1":1,"2":0,"3":0,"4":0,"5":0,"6":0,"7":0,"8":0,"9":0,"10":0,"11":0,"12":0,"13":0,"14":0,"15":0,"16":0,"17":0,"18":0},"b":{"0":[0,0,0,0,0,0],"1":[1,0],"2":[1,1],"3":[1,0],"4":[1,0],"5":[1,0],"6":[1,0],"7":[0,0],"8":[0,0],"9":[0,0],"10":[0,0],"11":[0,0,0,0,0]},"_coverageSchema":"332fd63041d2c1bcb487cc26dd0d5f7d97098a6c","hash":"655e61169ad6a6f182d8976dd927694c4fc7fc55"}
}
